Drill report for ESPCARproject.kicad_pcb
Created on 2023.11.10 09:55:48

Copper Layer Stackup:
    =============================================================
    L1 :  F.Cu                      front
    L2 :  B.Cu                      back


Drill file 'ESPCARproject-PTH.drl' contains
    plated through holes:
    =============================================================
    T1  0.200mm  0.0079"  (12 holes)
    T2  0.400mm  0.0157"  (37 holes)
    T3  0.500mm  0.0197"  (71 holes)
    T4  0.650mm  0.0256"  (4 holes)  (with 4 slots)
    T5  0.700mm  0.0276"  (20 holes)
    T6  0.800mm  0.0315"  (8 holes)
    T7  1.000mm  0.0394"  (23 holes)
    T8  1.100mm  0.0433"  (4 holes)
    T9  1.380mm  0.0543"  (2 holes)  (with 2 slots)
    T10  4.000mm  0.1575"  (2 holes)

    Total plated holes count 183


Drill file 'ESPCARproject-NPTH.drl' contains
    unplated through holes:
    =============================================================
    T1  0.650mm  0.0256"  (2 holes)
    T2  3.200mm  0.1260"  (2 holes)

    Total unplated holes count 4
